2018-08-18 16:46:30.586 [main] INFO  c.e.l.LogbackDemoApplicationTests -Starting LogbackDemoApplicationTests on SKY-20120726SWG with PID 7856 (started by Administrator in C:\Users\Administrator\Desktop\logback-demo)
2018-08-18 16:46:30.598 [main] INFO  c.e.l.LogbackDemoApplicationTests -No active profile set, falling back to default profiles: default
2018-08-18 16:46:30.679 [main] INFO  o.s.w.c.s.GenericWebApplicationContext -Refreshing org.springframework.web.context.support.GenericWebApplicationContext@2584b82d: startup date [Sat Aug 18 16:46:30 CST 2018]; root of context hierarchy
2018-08-18 16:46:32.029 [main] INFO  o.s.w.s.h.SimpleUrlHandlerMapping -Mapped URL path [/**/favicon.ico] onto handler of type [class org.springframework.web.servlet.resource.ResourceHttpRequestHandler]
2018-08-18 16:46:32.250 [main] INFO  o.s.w.s.m.m.a.RequestMappingHandlerAdapter -Looking for @ControllerAdvice: org.springframework.web.context.support.GenericWebApplicationContext@2584b82d: startup date [Sat Aug 18 16:46:30 CST 2018]; root of context hierarchy
2018-08-18 16:46:32.339 [main] INFO  o.s.w.s.m.m.a.RequestMappingHandlerMapping -Mapped "{[/error]}" onto public org.springframework.http.ResponseEntity<java.util.Map<java.lang.String, java.lang.Object>> org.springframework.boot.autoconfigure.web.servlet.error.BasicErrorController.error(javax.servlet.http.HttpServletRequest)
2018-08-18 16:46:32.341 [main] INFO  o.s.w.s.m.m.a.RequestMappingHandlerMapping -Mapped "{[/error],produces=[text/html]}" onto public org.springframework.web.servlet.ModelAndView org.springframework.boot.autoconfigure.web.servlet.error.BasicErrorController.errorHtml(javax.servlet.http.HttpServletRequest,javax.servlet.http.HttpServletResponse)
2018-08-18 16:46:32.375 [main] INFO  o.s.w.s.h.SimpleUrlHandlerMapping -Mapped URL path [/webjars/**] onto handler of type [class org.springframework.web.servlet.resource.ResourceHttpRequestHandler]
2018-08-18 16:46:32.376 [main] INFO  o.s.w.s.h.SimpleUrlHandlerMapping -Mapped URL path [/**] onto handler of type [class org.springframework.web.servlet.resource.ResourceHttpRequestHandler]
2018-08-18 16:46:32.694 [main] INFO  c.e.l.LogbackDemoApplicationTests -Started LogbackDemoApplicationTests in 2.543 seconds (JVM running for 3.548)
2018-08-18 16:46:32.847 [Thread-2] INFO  o.s.w.c.s.GenericWebApplicationContext -Closing org.springframework.web.context.support.GenericWebApplicationContext@2584b82d: startup date [Sat Aug 18 16:46:30 CST 2018]; root of context hierarchy
2018-08-18 16:51:05.930 [main] INFO  c.e.l.LogbackDemoApplicationTests -Starting LogbackDemoApplicationTests on SKY-20120726SWG with PID 244 (started by Administrator in C:\Users\Administrator\Desktop\logback-demo)
2018-08-18 16:51:05.932 [main] INFO  c.e.l.LogbackDemoApplicationTests -No active profile set, falling back to default profiles: default
2018-08-18 16:51:06.020 [main] INFO  o.s.w.c.s.GenericWebApplicationContext -Refreshing org.springframework.web.context.support.GenericWebApplicationContext@2584b82d: startup date [Sat Aug 18 16:51:06 CST 2018]; root of context hierarchy
2018-08-18 16:51:07.342 [main] INFO  o.s.w.s.h.SimpleUrlHandlerMapping -Mapped URL path [/**/favicon.ico] onto handler of type [class org.springframework.web.servlet.resource.ResourceHttpRequestHandler]
2018-08-18 16:51:07.566 [main] INFO  o.s.w.s.m.m.a.RequestMappingHandlerAdapter -Looking for @ControllerAdvice: org.springframework.web.context.support.GenericWebApplicationContext@2584b82d: startup date [Sat Aug 18 16:51:06 CST 2018]; root of context hierarchy
2018-08-18 16:51:07.657 [main] INFO  o.s.w.s.m.m.a.RequestMappingHandlerMapping -Mapped "{[/error]}" onto public org.springframework.http.ResponseEntity<java.util.Map<java.lang.String, java.lang.Object>> org.springframework.boot.autoconfigure.web.servlet.error.BasicErrorController.error(javax.servlet.http.HttpServletRequest)
2018-08-18 16:51:07.659 [main] INFO  o.s.w.s.m.m.a.RequestMappingHandlerMapping -Mapped "{[/error],produces=[text/html]}" onto public org.springframework.web.servlet.ModelAndView org.springframework.boot.autoconfigure.web.servlet.error.BasicErrorController.errorHtml(javax.servlet.http.HttpServletRequest,javax.servlet.http.HttpServletResponse)
2018-08-18 16:51:07.696 [main] INFO  o.s.w.s.h.SimpleUrlHandlerMapping -Mapped URL path [/webjars/**] onto handler of type [class org.springframework.web.servlet.resource.ResourceHttpRequestHandler]
2018-08-18 16:51:07.698 [main] INFO  o.s.w.s.h.SimpleUrlHandlerMapping -Mapped URL path [/**] onto handler of type [class org.springframework.web.servlet.resource.ResourceHttpRequestHandler]
2018-08-18 16:51:08.006 [main] INFO  c.e.l.LogbackDemoApplicationTests -Started LogbackDemoApplicationTests in 2.5 seconds (JVM running for 3.69)
2018-08-18 16:51:08.168 [Thread-2] INFO  o.s.w.c.s.GenericWebApplicationContext -Closing org.springframework.web.context.support.GenericWebApplicationContext@2584b82d: startup date [Sat Aug 18 16:51:06 CST 2018]; root of context hierarchy
